<?xml version="1.0" encoding="UTF-8"?>
<!-- Generated by org.testng.reporters.JUnitXMLReporter -->
<testsuite hostname="Cocos-MacBook-Pro.local" ignored="4" name="venusPWA" tests="1" failures="0" timestamp="24 Apr 2019 09:43:18 GMT" time="42.024" errors="0">
  <testcase name="validatePageContent" time="41.623" classname="tests.macys.macysHomePage.searchProduct"/>
  <testcase name="validatePageContent" time="0.0" classname="tests.macys.macysHomePage.checkPlusButton">
    <ignored/>
  </testcase> <!-- validatePageContent -->
  <testcase name="validatePageContent" time="0.0" classname="tests.macys.macysHomePage.checkProductCategoryButton">
    <ignored/>
  </testcase> <!-- validatePageContent -->
  <testcase name="validatePageContent" time="0.0" classname="tests.macys.macysHeader.checkHamburgerMenu">
    <ignored/>
  </testcase> <!-- validatePageContent -->
  <testcase name="validatePageContent" time="0.0" classname="tests.macys.macysHeader.checkLogo">
    <ignored/>
  </testcase> <!-- validatePageContent -->
</testsuite> <!-- venusPWA -->
